{"level":"\u001b[31merror\u001b[39m","message":"Login failed for tyler.igwe@gmail.com","timestamp":"2025-10-17 19:17:03"}
{"level":"\u001b[31merror\u001b[39m","message":"Login failed for tyler.igwe@gmail.com","timestamp":"2025-10-18 11:15:05"}
{"level":"\u001b[31merror\u001b[39m","message":"KYC verification failed for user ID: 2, Reason: Error updating users: update `users` set `is_verified` = true, `first_name` = 'John', `last_name` = 'Sule', `bvn` = '22222222222', `phone_number` = '07123456789' where `id` = 2 - Unknown column 'bvn' in 'field list'","timestamp":"2025-10-18 19:34:28"}
{"level":"\u001b[31merror\u001b[39m","message":"Error creating wallet for user ID: 2. Error: Request failed with status code 401","timestamp":"2025-10-18 19:34:29"}
{"level":"\u001b[31merror\u001b[39m","message":"KYC verification failed for user ID: 2, Reason: Error updating users: update `users` set `is_verified` = true, `first_name` = 'John', `last_name` = 'Sule', `user_bvn` = '22222222222', `phone_number` = '07123456789' where `id` = 2 - Unknown column 'phone_number' in 'field list'","timestamp":"2025-10-18 19:39:46"}
{"level":"\u001b[31merror\u001b[39m","message":"Error creating wallet for user ID: 2. Error: Request failed with status code 400","timestamp":"2025-10-18 19:39:46"}
{"level":"\u001b[31merror\u001b[39m","message":"Error creating wallet for user ID: 2. Error: Request failed with status code 400","timestamp":"2025-10-18 19:52:22"}
{"level":"\u001b[31merror\u001b[39m","message":"Error creating wallet for user ID: 2","timestamp":"2025-10-18 19:57:08"}
{"level":"\u001b[31merror\u001b[39m","message":"Error creating wallet for user ID: 2","timestamp":"2025-10-18 19:58:51"}
{"level":"\u001b[31merror\u001b[39m","message":"Error creating wallet for user ID: 2","timestamp":"2025-10-18 20:10:24"}
{"level":"\u001b[31merror\u001b[39m","message":"Failed to start server","timestamp":"2025-10-18 20:15:03"}
{"level":"\u001b[31merror\u001b[39m","message":"Login failed for emperorferdy@gmail.com","timestamp":"2025-10-18 20:26:46"}
{"level":"\u001b[31merror\u001b[39m","message":"Login failed for emperorferdy@gmail.com","timestamp":"2025-10-18 20:28:09"}
{"level":"\u001b[31merror\u001b[39m","message":"Login failed for emperorferdy@gmail.com","timestamp":"2025-10-18 20:29:09"}
{"level":"\u001b[31merror\u001b[39m","message":"Login failed for emperorferdy@gmail.com","timestamp":"2025-10-18 20:30:32"}
{"level":"\u001b[31merror\u001b[39m","message":"Login failed for emperorferdy@gmail.com","timestamp":"2025-10-18 20:30:53"}
{"level":"\u001b[31merror\u001b[39m","message":"Login failed for emperorferdy@gmail.com","timestamp":"2025-10-18 20:31:44"}
{"level":"\u001b[31merror\u001b[39m","message":"KYC verification failed for user ID: 4, Reason: Error updating users: update `users` set `is_verified` = true, `first_name` = 'John', `last_name` = 'Sule', `user_bvn` = '22222222222', `phone_number` = '07123456789' where `id` = 4 - Duplicate entry '07123456789' for key 'users.users_phone_number_unique'","timestamp":"2025-10-18 20:32:50"}
{"level":"\u001b[31merror\u001b[39m","message":"Error creating wallet for user ID: 4","timestamp":"2025-10-18 20:32:51"}
{"level":"\u001b[31merror\u001b[39m","message":"Unhandled webhook event: charge.completed","timestamp":"2025-10-19 23:09:40"}
{"level":"\u001b[31merror\u001b[39m","message":"Error creating transaction record: Error creating transactions: insert into `transactions` (`amount`, `currency`, `direction`, `reference`, `status`, `type`, `wallet_id`) values (100, 'NGN', 'credit', 'TXN_P7KGYRU28', 'successful', 'fund', 11) - Data truncated for column 'status' at row 1","timestamp":"2025-10-19 23:35:58"}
{"level":"\u001b[31merror\u001b[39m","message":"Flutterwave transfer error: Request failed with status code 400","timestamp":"2025-10-20 00:22:45"}
{"level":"\u001b[31merror\u001b[39m","message":"Flutterwave error response: {\"status\":\"error\",\"message\":\"This request cannot be processed. Please contact your account administrator\",\"data\":null}","timestamp":"2025-10-20 00:22:45"}
{"level":"\u001b[31merror\u001b[39m","message":"Error handling wallet withdrawal for user ID: 11: Request failed with status code 400","timestamp":"2025-10-20 00:22:45"}
{"level":"\u001b[31merror\u001b[39m","message":"Error handling wallet withdrawal: Request failed with status code 400","timestamp":"2025-10-20 00:22:45"}
{"level":"\u001b[31merror\u001b[39m","message":"Flutterwave transfer error: Request failed with status code 400","timestamp":"2025-10-20 00:25:36"}
{"level":"\u001b[31merror\u001b[39m","message":"Flutterwave error response: {\"status\":\"error\",\"message\":\"This request cannot be processed. Please contact your account administrator\",\"data\":null}","timestamp":"2025-10-20 00:25:36"}
{"level":"\u001b[31merror\u001b[39m","message":"Error handling wallet withdrawal for user ID: 11: Request failed with status code 400","timestamp":"2025-10-20 00:25:36"}
{"level":"\u001b[31merror\u001b[39m","message":"Error handling wallet withdrawal: Request failed with status code 400","timestamp":"2025-10-20 00:25:36"}
{"level":"\u001b[31merror\u001b[39m","message":"Flutterwave transfer error: Request failed with status code 400","timestamp":"2025-10-20 00:30:34"}
{"level":"\u001b[31merror\u001b[39m","message":"Flutterwave error response: {\"status\":\"error\",\"message\":\"This request cannot be processed. Please contact your account administrator\",\"data\":null}","timestamp":"2025-10-20 00:30:34"}
{"level":"\u001b[31merror\u001b[39m","message":"Error handling wallet withdrawal for user ID: 11: Request failed with status code 400","timestamp":"2025-10-20 00:30:34"}
{"level":"\u001b[31merror\u001b[39m","message":"Error handling wallet withdrawal: Request failed with status code 400","timestamp":"2025-10-20 00:30:34"}
{"level":"\u001b[31merror\u001b[39m","message":"Unhandled webhook event: transfer.completed","timestamp":"2025-10-20 07:15:48"}
{"error":"connect ETIMEDOUT","level":"\u001b[31merror\u001b[39m","message":"Failed to start server","stack":"Error: connect ETIMEDOUT\n    at Connection._handleTimeoutError (C:\\Users\\HP\\Desktop\\demo-credit\\node_modules\\mysql2\\lib\\base\\connection.js:200:17)\n    at listOnTimeout (node:internal/timers:594:17)\n    at processTimers (node:internal/timers:529:7)","timestamp":"2025-10-21 08:56:24"}
{"error":"connect ETIMEDOUT","level":"\u001b[31merror\u001b[39m","message":"Failed to start server","stack":"Error: connect ETIMEDOUT\n    at Connection._handleTimeoutError (C:\\Users\\HP\\Desktop\\demo-credit\\node_modules\\mysql2\\lib\\base\\connection.js:200:17)\n    at listOnTimeout (node:internal/timers:594:17)\n    at processTimers (node:internal/timers:529:7)","timestamp":"2025-10-21 08:58:12"}
{"error":"connect ETIMEDOUT","level":"\u001b[31merror\u001b[39m","message":"Failed to start server","stack":"Error: connect ETIMEDOUT\n    at Connection._handleTimeoutError (C:\\Users\\HP\\Desktop\\demo-credit\\node_modules\\mysql2\\lib\\base\\connection.js:200:17)\n    at listOnTimeout (node:internal/timers:594:17)\n    at processTimers (node:internal/timers:529:7)","timestamp":"2025-10-21 08:59:41"}
{"level":"\u001b[31merror\u001b[39m","message":"Unhandled webhook event: transfer.completed","timestamp":"2025-10-24 15:10:07"}
{"level":"\u001b[31merror\u001b[39m","message":"Unhandled webhook event: transfer.completed","timestamp":"2025-10-24 15:38:57"}
{"error":"Invalid OTP","level":"\u001b[31merror\u001b[39m","message":"Login failed for tyler.igwe@gmail.com","stack":"ValidationError: Invalid OTP\n    at AuthHandler.login (C:\\Users\\HP\\Desktop\\demo-credit\\src\\handlers\\auth.handler.ts:53:15)\n    at processTicksAndRejections (node:internal/process/task_queues:105:5)","timestamp":"2025-10-24 19:26:00"}
{"level":"\u001b[31merror\u001b[39m","message":"Error handling wallet withdrawal for user ID: 11: Insufficient balance in wallet","timestamp":"2025-10-24 19:29:40"}
{"level":"\u001b[31merror\u001b[39m","message":"Error handling wallet withdrawal: Insufficient balance in wallet","timestamp":"2025-10-24 19:29:40"}
{"level":"\u001b[31merror\u001b[39m","message":"Flutterwave withdrawal error: Request failed with status code 400","timestamp":"2025-10-24 19:30:30"}
{"level":"\u001b[31merror\u001b[39m","message":"Flutterwave error response: {\"status\":\"error\",\"message\":\"Amount must be above 100 for NGN.\",\"data\":null}","timestamp":"2025-10-24 19:30:30"}
{"level":"\u001b[31merror\u001b[39m","message":"Error handling wallet withdrawal for user ID: 11: Request failed with status code 400","timestamp":"2025-10-24 19:30:30"}
{"level":"\u001b[31merror\u001b[39m","message":"Error handling wallet withdrawal: Request failed with status code 400","timestamp":"2025-10-24 19:30:30"}
{"level":"\u001b[31merror\u001b[39m","message":"Error handling wallet withdrawal: Invalid request payload: \"account_bank\" is required","timestamp":"2025-10-24 19:57:03"}
